[debug] [2022-07-11T21:05:54.171Z] ----------------------------------------------------------------------
[debug] [2022-07-11T21:05:54.182Z] Command:       C:\Program Files\nodejs\node.exe C:\Users\LENOVO\AppData\Roaming\npm\node_modules\firebase-tools\lib\bin\firebase.js init
[debug] [2022-07-11T21:05:54.184Z] CLI Version:   11.2.1
[debug] [2022-07-11T21:05:54.184Z] Platform:      win32
[debug] [2022-07-11T21:05:54.185Z] Node Version:  v16.15.1
[debug] [2022-07-11T21:05:54.191Z] Time:          Tue Jul 12 2022 02:35:54 GMT+0530 (India Standard Time)
[debug] [2022-07-11T21:05:54.193Z] ----------------------------------------------------------------------
[debug] 
[debug] [2022-07-11T21:05:54.517Z] > command requires scopes: ["email","openid","https://www.googleapis.com/auth/cloudplatformprojects.readonly","https://www.googleapis.com/auth/firebase","https://www.googleapis.com/auth/cloud-platform"]
[debug] [2022-07-11T21:05:54.520Z] > authorizing via signed-in user (vanshikajtwg839@gmail.com)
[info] 
     ######## #### ########  ######## ########     ###     ######  ########
     ##        ##  ##     ## ##       ##     ##  ##   ##  ##       ##
     ######    ##  ########  ######   ########  #########  ######  ######
     ##        ##  ##    ##  ##       ##     ## ##     ##       ## ##
     ##       #### ##     ## ######## ########  ##     ##  ######  ########

You're about to initialize a Firebase project in this directory:

  C:\Users\LENOVO\OneDrive\Desktop\Web Development\react-challenge-amazon-clone-master (1)\react-challenge-amazon-clone-master

Before we get started, keep in mind:

  * You are initializing within an existing Firebase project directory

[info] 
=== Project Setup
[info] 
[info] First, let's associate this project directory with a Firebase project.
[info] You can create multiple project aliases by running firebase use --add, 
[info] but for now we'll just set up a default project.
[info] 
[debug] [2022-07-11T21:06:21.425Z] Using project from CLI flag: challenge-4b2b2
[debug] [2022-07-11T21:06:21.430Z] > refreshing access token with scopes: []
[debug] [2022-07-11T21:06:21.436Z] >>> [apiv2][query] POST https://www.googleapis.com/oauth2/v3/token [none]
[debug] [2022-07-11T21:06:21.437Z] >>> [apiv2][body] POST https://www.googleapis.com/oauth2/v3/token [omitted]
[debug] [2022-07-11T21:06:22.076Z] <<< [apiv2][status] POST https://www.googleapis.com/oauth2/v3/token 200
[debug] [2022-07-11T21:06:22.077Z] <<< [apiv2][body] POST https://www.googleapis.com/oauth2/v3/token [omitted]
[debug] [2022-07-11T21:06:22.097Z] >>> [apiv2][query] GET https://firebase.googleapis.com/v1beta1/projects/challenge-4b2b2 [none]
[debug] [2022-07-11T21:06:23.098Z] <<< [apiv2][status] GET https://firebase.googleapis.com/v1beta1/projects/challenge-4b2b2 403
[debug] [2022-07-11T21:06:23.099Z] <<< [apiv2][body] GET https://firebase.googleapis.com/v1beta1/projects/challenge-4b2b2 {"error":{"code":403,"message":"The caller does not have permission","status":"PERMISSION_DENIED"}}
[debug] [2022-07-11T21:06:23.102Z] HTTP Error: 403, The caller does not have permission
[debug] [2022-07-11T21:06:23.598Z] FirebaseError: HTTP Error: 403, The caller does not have permission
    at responseToError (C:\Users\LENOVO\AppData\Roaming\npm\node_modules\firebase-tools\lib\responseToError.js:49:12)
    at RetryOperation._fn (C:\Users\LENOVO\AppData\Roaming\npm\node_modules\firebase-tools\lib\apiv2.js:287:77)
    at processTicksAndRejections (node:internal/process/task_queues:96:5)
[error] 
[error] Error: Failed to get Firebase project challenge-4b2b2. Please make sure the project exists and your account has permission to access it.
[debug] [2022-07-11T21:07:44.049Z] ----------------------------------------------------------------------
[debug] [2022-07-11T21:07:44.059Z] Command:       C:\Program Files\nodejs\node.exe C:\Users\LENOVO\AppData\Roaming\npm\node_modules\firebase-tools\lib\bin\firebase.js init
[debug] [2022-07-11T21:07:44.062Z] CLI Version:   11.2.1
[debug] [2022-07-11T21:07:44.063Z] Platform:      win32
[debug] [2022-07-11T21:07:44.064Z] Node Version:  v16.15.1
[debug] [2022-07-11T21:07:44.067Z] Time:          Tue Jul 12 2022 02:37:44 GMT+0530 (India Standard Time)
[debug] [2022-07-11T21:07:44.069Z] ----------------------------------------------------------------------
[debug] 
[debug] [2022-07-11T21:07:44.436Z] > command requires scopes: ["email","openid","https://www.googleapis.com/auth/cloudplatformprojects.readonly","https://www.googleapis.com/auth/firebase","https://www.googleapis.com/auth/cloud-platform"]
[debug] [2022-07-11T21:07:44.442Z] > authorizing via signed-in user (vanshikajtwg839@gmail.com)
[info] 
     ######## #### ########  ######## ########     ###     ######  ########
     ##        ##  ##     ## ##       ##     ##  ##   ##  ##       ##
     ######    ##  ########  ######   ########  #########  ######  ######
     ##        ##  ##    ##  ##       ##     ## ##     ##       ## ##
     ##       #### ##     ## ######## ########  ##     ##  ######  ########

You're about to initialize a Firebase project in this directory:

  C:\Users\LENOVO\OneDrive\Desktop\Web Development\react-challenge-amazon-clone-master (1)\react-challenge-amazon-clone-master

Before we get started, keep in mind:

  * You are initializing within an existing Firebase project directory

[info] 
=== Project Setup
[info] 
[info] First, let's associate this project directory with a Firebase project.
[info] You can create multiple project aliases by running firebase use --add, 
[info] but for now we'll just set up a default project.
[info] 
[debug] [2022-07-11T21:07:54.882Z] Using project from CLI flag: challenge-4b2b2
[debug] [2022-07-11T21:07:54.891Z] >>> [apiv2][query] GET https://firebase.googleapis.com/v1beta1/projects/challenge-4b2b2 [none]
[debug] [2022-07-11T21:07:55.996Z] <<< [apiv2][status] GET https://firebase.googleapis.com/v1beta1/projects/challenge-4b2b2 403
[debug] [2022-07-11T21:07:55.997Z] <<< [apiv2][body] GET https://firebase.googleapis.com/v1beta1/projects/challenge-4b2b2 {"error":{"code":403,"message":"The caller does not have permission","status":"PERMISSION_DENIED"}}
[debug] [2022-07-11T21:07:55.998Z] HTTP Error: 403, The caller does not have permission
[debug] [2022-07-11T21:07:56.594Z] FirebaseError: HTTP Error: 403, The caller does not have permission
    at responseToError (C:\Users\LENOVO\AppData\Roaming\npm\node_modules\firebase-tools\lib\responseToError.js:49:12)
    at RetryOperation._fn (C:\Users\LENOVO\AppData\Roaming\npm\node_modules\firebase-tools\lib\apiv2.js:287:77)
    at processTicksAndRejections (node:internal/process/task_queues:96:5)
[error] 
[error] Error: Failed to get Firebase project challenge-4b2b2. Please make sure the project exists and your account has permission to access it.
